<?xml version="1.0" encoding="UTF-8"?>
<!-- Generated by org.testng.reporters.JUnitReportReporter -->
<testsuite hostname="LAPTOP-TPKLSSST" failures="0" tests="1" name="test.TestHotelApp" time="0.000" errors="0" timestamp="2022-04-05T12:51:23 IST" skipped="1">
  <testcase classname="test.TestHotelApp" name="TestHotelApp" time="0.000">
    <skipped/>
  </testcase> <!-- TestHotelApp -->
  <system-out/>
</testsuite> <!-- test.TestHotelApp -->
